  Bullet.cpp
c:\users\crizz\documents\gbc\1014-project\player.h(16): warning C4244: '=': conversion from 'float' to 'int', possible loss of data
c:\users\crizz\documents\gbc\1014-project\player.h(17): warning C4244: '=': conversion from 'float' to 'int', possible loss of data
c:\users\crizz\documents\gbc\1014-project\enemy.h(24): warning C4244: '=': conversion from 'float' to 'int', possible loss of data
c:\users\crizz\documents\gbc\1014-project\enemy.h(25): warning C4244: '=': conversion from 'float' to 'int', possible loss of data
c:\users\crizz\documents\gbc\1014-project\bullet.h(16): warning C4244: '=': conversion from 'float' to 'int', possible loss of data
c:\users\crizz\documents\gbc\1014-project\bullet.h(17): warning C4244: '=': conversion from 'float' to 'int', possible loss of data
c:\users\crizz\documents\gbc\1014-project\bullet.cpp(15): warning C4244: '=': conversion from 'int' to 'float', possible loss of data
  Button.cpp
c:\users\crizz\documents\gbc\1014-project\player.h(16): warning C4244: '=': conversion from 'float' to 'int', possible loss of data
c:\users\crizz\documents\gbc\1014-project\player.h(17): warning C4244: '=': conversion from 'float' to 'int', possible loss of data
c:\users\crizz\documents\gbc\1014-project\enemy.h(24): warning C4244: '=': conversion from 'float' to 'int', possible loss of data
c:\users\crizz\documents\gbc\1014-project\enemy.h(25): warning C4244: '=': conversion from 'float' to 'int', possible loss of data
  Enemy.cpp
c:\users\crizz\documents\gbc\1014-project\enemy.h(24): warning C4244: '=': conversion from 'float' to 'int', possible loss of data
c:\users\crizz\documents\gbc\1014-project\enemy.h(25): warning C4244: '=': conversion from 'float' to 'int', possible loss of data
c:\users\crizz\documents\gbc\1014-project\player.h(16): warning C4244: '=': conversion from 'float' to 'int', possible loss of data
c:\users\crizz\documents\gbc\1014-project\player.h(17): warning C4244: '=': conversion from 'float' to 'int', possible loss of data
c:\users\crizz\documents\gbc\1014-project\enemybullet.h(17): warning C4244: '=': conversion from 'float' to 'int', possible loss of data
c:\users\crizz\documents\gbc\1014-project\enemybullet.h(18): warning C4244: '=': conversion from 'float' to 'int', possible loss of data
c:\users\crizz\documents\gbc\1014-project\enemy.cpp(56): warning C4244: '=': conversion from 'int' to 'float', possible loss of data
c:\users\crizz\documents\gbc\1014-project\enemy.cpp(57): warning C4244: '=': conversion from 'int' to 'float', possible loss of data
  EnemyBullet.cpp
c:\users\crizz\documents\gbc\1014-project\player.h(16): warning C4244: '=': conversion from 'float' to 'int', possible loss of data
c:\users\crizz\documents\gbc\1014-project\player.h(17): warning C4244: '=': conversion from 'float' to 'int', possible loss of data
c:\users\crizz\documents\gbc\1014-project\enemy.h(24): warning C4244: '=': conversion from 'float' to 'int', possible loss of data
c:\users\crizz\documents\gbc\1014-project\enemy.h(25): warning C4244: '=': conversion from 'float' to 'int', possible loss of data
c:\users\crizz\documents\gbc\1014-project\enemybullet.h(17): warning C4244: '=': conversion from 'float' to 'int', possible loss of data
c:\users\crizz\documents\gbc\1014-project\enemybullet.h(18): warning C4244: '=': conversion from 'float' to 'int', possible loss of data
c:\users\crizz\documents\gbc\1014-project\enemybullet.cpp(14): warning C4244: '=': conversion from 'int' to 'float', possible loss of data
  EnemyManager.cpp
c:\users\crizz\documents\gbc\1014-project\enemy.h(24): warning C4244: '=': conversion from 'float' to 'int', possible loss of data
c:\users\crizz\documents\gbc\1014-project\enemy.h(25): warning C4244: '=': conversion from 'float' to 'int', possible loss of data
c:\users\crizz\documents\gbc\1014-project\player.h(16): warning C4244: '=': conversion from 'float' to 'int', possible loss of data
c:\users\crizz\documents\gbc\1014-project\player.h(17): warning C4244: '=': conversion from 'float' to 'int', possible loss of data
c:\users\crizz\documents\gbc\1014-project\enemymanager.cpp(18): warning C4244: 'argument': conversion from 'int' to 'float', possible loss of data
c:\users\crizz\documents\gbc\1014-project\enemymanager.cpp(22): warning C4018: '<': signed/unsigned mismatch
c:\users\crizz\documents\gbc\1014-project\enemymanager.cpp(37): warning C4018: '<': signed/unsigned mismatch
c:\users\crizz\documents\gbc\1014-project\enemymanager.cpp(44): warning C4018: '<': signed/unsigned mismatch
  Explosion.cpp
c:\users\crizz\documents\gbc\1014-project\player.h(16): warning C4244: '=': conversion from 'float' to 'int', possible loss of data
c:\users\crizz\documents\gbc\1014-project\player.h(17): warning C4244: '=': conversion from 'float' to 'int', possible loss of data
c:\users\crizz\documents\gbc\1014-project\enemy.h(24): warning C4244: '=': conversion from 'float' to 'int', possible loss of data
c:\users\crizz\documents\gbc\1014-project\enemy.h(25): warning C4244: '=': conversion from 'float' to 'int', possible loss of data
c:\users\crizz\documents\gbc\1014-project\explosion.h(17): warning C4244: '=': conversion from 'float' to 'int', possible loss of data
c:\users\crizz\documents\gbc\1014-project\explosion.h(18): warning C4244: '=': conversion from 'float' to 'int', possible loss of data
  FSM.cpp
c:\users\crizz\documents\gbc\1014-project\player.h(16): warning C4244: '=': conversion from 'float' to 'int', possible loss of data
c:\users\crizz\documents\gbc\1014-project\player.h(17): warning C4244: '=': conversion from 'float' to 'int', possible loss of data
c:\users\crizz\documents\gbc\1014-project\enemy.h(24): warning C4244: '=': conversion from 'float' to 'int', possible loss of data
c:\users\crizz\documents\gbc\1014-project\enemy.h(25): warning C4244: '=': conversion from 'float' to 'int', possible loss of data
c:\users\crizz\documents\gbc\1014-project\bullet.h(16): warning C4244: '=': conversion from 'float' to 'int', possible loss of data
c:\users\crizz\documents\gbc\1014-project\bullet.h(17): warning C4244: '=': conversion from 'float' to 'int', possible loss of data
c:\users\crizz\documents\gbc\1014-project\explosion.h(17): warning C4244: '=': conversion from 'float' to 'int', possible loss of data
c:\users\crizz\documents\gbc\1014-project\explosion.h(18): warning C4244: '=': conversion from 'float' to 'int', possible loss of data
c:\users\crizz\documents\gbc\1014-project\fsm.cpp(269): warning C4018: '<': signed/unsigned mismatch
c:\users\crizz\documents\gbc\1014-project\fsm.cpp(275): warning C4018: '<': signed/unsigned mismatch
c:\users\crizz\documents\gbc\1014-project\fsm.cpp(276): warning C4018: '<': signed/unsigned mismatch
c:\users\crizz\documents\gbc\1014-project\fsm.cpp(285): warning C4244: 'argument': conversion from 'int' to 'float', possible loss of data
c:\users\crizz\documents\gbc\1014-project\fsm.cpp(332): warning C4018: '<': signed/unsigned mismatch
c:\users\crizz\documents\gbc\1014-project\fsm.cpp(358): warning C4018: '<': signed/unsigned mismatch
  Game.cpp
c:\users\crizz\documents\gbc\1014-project\player.h(16): warning C4244: '=': conversion from 'float' to 'int', possible loss of data
c:\users\crizz\documents\gbc\1014-project\player.h(17): warning C4244: '=': conversion from 'float' to 'int', possible loss of data
c:\users\crizz\documents\gbc\1014-project\enemy.h(24): warning C4244: '=': conversion from 'float' to 'int', possible loss of data
c:\users\crizz\documents\gbc\1014-project\enemy.h(25): warning C4244: '=': conversion from 'float' to 'int', possible loss of data
  main.cpp
c:\users\crizz\documents\gbc\1014-project\player.h(16): warning C4244: '=': conversion from 'float' to 'int', possible loss of data
c:\users\crizz\documents\gbc\1014-project\player.h(17): warning C4244: '=': conversion from 'float' to 'int', possible loss of data
c:\users\crizz\documents\gbc\1014-project\enemy.h(24): warning C4244: '=': conversion from 'float' to 'int', possible loss of data
c:\users\crizz\documents\gbc\1014-project\enemy.h(25): warning C4244: '=': conversion from 'float' to 'int', possible loss of data
c:\users\crizz\documents\gbc\1014-project\main.cpp(12): warning C4244: 'argument': conversion from 'time_t' to 'unsigned int', possible loss of data
  Player.cpp
c:\users\crizz\documents\gbc\1014-project\player.h(16): warning C4244: '=': conversion from 'float' to 'int', possible loss of data
c:\users\crizz\documents\gbc\1014-project\player.h(17): warning C4244: '=': conversion from 'float' to 'int', possible loss of data
c:\users\crizz\documents\gbc\1014-project\enemy.h(24): warning C4244: '=': conversion from 'float' to 'int', possible loss of data
c:\users\crizz\documents\gbc\1014-project\enemy.h(25): warning C4244: '=': conversion from 'float' to 'int', possible loss of data
c:\users\crizz\documents\gbc\1014-project\bullet.h(16): warning C4244: '=': conversion from 'float' to 'int', possible loss of data
c:\users\crizz\documents\gbc\1014-project\bullet.h(17): warning C4244: '=': conversion from 'float' to 'int', possible loss of data
c:\users\crizz\documents\gbc\1014-project\player.cpp(26): warning C4244: '=': conversion from 'int' to 'float', possible loss of data
c:\users\crizz\documents\gbc\1014-project\player.cpp(27): warning C4244: '=': conversion from 'int' to 'float', possible loss of data
c:\users\crizz\documents\gbc\1014-project\player.cpp(33): warning C4018: '<': signed/unsigned mismatch
c:\users\crizz\documents\gbc\1014-project\player.cpp(58): warning C4018: '<': signed/unsigned mismatch
c:\users\crizz\documents\gbc\1014-project\player.cpp(68): warning C4018: '<': signed/unsigned mismatch
  Generating Code...
  1014-project.vcxproj -> C:\Users\crizz\Documents\GBC\1014-project\Debug\1014-project.exe
